kt/app/build/intermediates/manifest_merge_blame_file/debug/manifest-merger-blame-debug-report.txt
1<?xml version="1.0" encoding="utf-8"?>
2<manifest xmlns:android="http://schemas.android.com/apk/res/android"
3    package="com.myvpn.simple"
4    android:versionCode="1"
5    android:versionName="1.0" >
6
7    <uses-sdk
8        android:minSdkVersion="21"
8-->src\main\AndroidManifest.xml
9        android:targetSdkVersion="33" />
9-->src\main\AndroidManifest.xml
10
11    <uses-permission android:name="android.permission.INTERNET" />
11-->src\main\AndroidManifest.xml:5:5-67
11-->src\main\AndroidManifest.xml:5:22-64
12    <uses-permission android:name="android.permission.FOREGROUND_SERVICE" />
12-->src\main\AndroidManifest.xml:6:5-77
12-->src\main\AndroidManifest.xml:6:22-74
13    <uses-permission android:name="android.permission.QUERY_ALL_PACKAGES" />
13-->src\main\AndroidManifest.xml:7:5-8:53
13-->src\main\AndroidManifest.xml:7:22-74
14
15    <permission
15-->[androidx.core:core:1.10.1] AndroidManifest.xml:22:5-24:47
16        android:name="com.myvpn.simple.DYNAMIC_RECEIVER_NOT_EXPORTED_PERMISSION"
16-->[androidx.core:core:1.10.1] AndroidManifest.xml:23:9-81
17        android:protectionLevel="signature" />
17-->[androidx.core:core:1.10.1] AndroidManifest.xml:24:9-44
18
19    <uses-permission android:name="com.myvpn.simple.DYNAMIC_RECEIVER_NOT_EXPORTED_PERMISSION" />
19-->[androidx.core:core:1.10.1] AndroidManifest.xml:26:5-97
19-->[androidx.core:core:1.10.1] AndroidManifest.xml:26:22-94
20
21    <application
21-->src\main\AndroidManifest.xml:10:5-83:19
22        android:name="com.myvpn.simple.MyApplication"
22-->src\main\AndroidManifest.xml:11:9-38
23        android:allowBackup="true"
23-->src\main\AndroidManifest.xml:12:9-35
24        android:appComponentFactory="androidx.core.app.CoreComponentFactory"
24-->[androidx.core:core:1.10.1] AndroidManifest.xml:28:18-86
25        android:dataExtractionRules="@xml/data_extraction_rules"
25-->src\main\AndroidManifest.xml:13:9-65
26        android:debuggable="true"
27        android:fullBackupContent="@xml/backup_rules"
27-->src\main\AndroidManifest.xml:14:9-54
28        android:icon="@mipmap/ic_launcher"
28-->src\main\AndroidManifest.xml:15:9-43
29        android:label="@string/app_name"
29-->src\main\AndroidManifest.xml:16:9-41
30        android:roundIcon="@mipmap/ic_launcher_round"
30-->src\main\AndroidManifest.xml:17:9-54
31        android:supportsRtl="true"
31-->src\main\AndroidManifest.xml:18:9-35
32        android:testOnly="true"
33        android:theme="@style/Theme.SimpleVPN" >
33-->src\main\AndroidManifest.xml:19:9-47
34        <service
34-->src\main\AndroidManifest.xml:22:9-30:19
35            android:name="com.myvpn.simple.SimpleVPNService"
35-->src\main\AndroidManifest.xml:23:13-45
36            android:enabled="true"
36-->src\main\AndroidManifest.xml:24:13-35
37            android:exported="false"
37-->src\main\AndroidManifest.xml:25:13-37
38            android:permission="android.permission.BIND_VPN_SERVICE" >
38-->src\main\AndroidManifest.xml:26:13-69
39            <intent-filter>
39-->src\main\AndroidManifest.xml:27:13-29:29
40                <action android:name="android.net.VpnService" />
40-->src\main\AndroidManifest.xml:28:17-65
40-->src\main\AndroidManifest.xml:28:25-62
41            </intent-filter>
42        </service>
43        <service
43-->src\main\AndroidManifest.xml:32:9-45:19
44            android:name="com.myvpn.simple.VPNTileService"
44-->src\main\AndroidManifest.xml:33:13-43
45            android:enabled="true"
45-->src\main\AndroidManifest.xml:34:13-35
46            android:exported="true"
46-->src\main\AndroidManifest.xml:35:13-36
47            android:icon="@drawable/ic_tile_f"
47-->src\main\AndroidManifest.xml:36:13-47
48            android:label="FastVPN"
48-->src\main\AndroidManifest.xml:37:13-36
49            android:permission="android.permission.BIND_QUICK_SETTINGS_TILE" >
49-->src\main\AndroidManifest.xml:38:13-77
50            <intent-filter>
50-->src\main\AndroidManifest.xml:39:13-41:29
51                <action android:name="android.service.quicksettings.action.QS_TILE" />
51-->src\main\AndroidManifest.xml:40:17-87
51-->src\main\AndroidManifest.xml:40:25-84
52            </intent-filter>
53
54            <meta-data
54-->src\main\AndroidManifest.xml:42:13-44:40
55                android:name="android.service.quicksettings.TOGGLEABLE_TILE"
55-->src\main\AndroidManifest.xml:43:17-77
56                android:value="true" />
56-->src\main\AndroidManifest.xml:44:17-37
57        </service>
58
59        <activity
59-->src\main\AndroidManifest.xml:47:9-54:20
60            android:name="com.myvpn.simple.TileSettingsActivity"
60-->src\main\AndroidManifest.xml:48:13-49
61            android:exported="true"
61-->src\main\AndroidManifest.xml:49:13-36
62            android:theme="@android:style/Theme.NoDisplay" >
62-->src\main\AndroidManifest.xml:50:13-59
63            <intent-filter>
63-->src\main\AndroidManifest.xml:51:13-53:29
64                <action android:name="android.service.quicksettings.action.QS_TILE_PREFERENCES" />
64-->src\main\AndroidManifest.xml:52:17-99
64-->src\main\AndroidManifest.xml:52:25-96
65            </intent-filter>
66        </activity>
67        <activity
67-->src\main\AndroidManifest.xml:56:9-60:66
68            android:name="com.myvpn.simple.NodesActivity"
68-->src\main\AndroidManifest.xml:57:13-42
69            android:exported="false"
69-->src\main\AndroidManifest.xml:58:13-37
70            android:label="节点管理"
70-->src\main\AndroidManifest.xml:59:13-33
71            android:theme="@style/Theme.SimpleVPN.NoActionBar" />
71-->src\main\AndroidManifest.xml:60:13-63
72        <activity
72-->src\main\AndroidManifest.xml:62:9-66:66
73            android:name="com.myvpn.simple.SubscriptionActivity"
73-->src\main\AndroidManifest.xml:63:13-49
74            android:exported="false"
74-->src\main\AndroidManifest.xml:64:13-37
75            android:label="订阅管理"
75-->src\main\AndroidManifest.xml:65:13-33
76            android:theme="@style/Theme.SimpleVPN.NoActionBar" />
76-->src\main\AndroidManifest.xml:66:13-63
77        <activity
77-->src\main\AndroidManifest.xml:68:9-72:66
78            android:name="com.myvpn.simple.ui.AppExclusionActivity"
78-->src\main\AndroidManifest.xml:69:13-52
79            android:exported="false"
79-->src\main\AndroidManifest.xml:70:13-37
80            android:label="应用排除设置"
80-->src\main\AndroidManifest.xml:71:13-35
81            android:theme="@style/Theme.SimpleVPN.NoActionBar" />
81-->src\main\AndroidManifest.xml:72:13-63
82        <activity
82-->src\main\AndroidManifest.xml:74:9-82:20
83            android:name="com.myvpn.simple.MainActivity"
83-->src\main\AndroidManifest.xml:75:13-41
84            android:exported="true"
84-->src\main\AndroidManifest.xml:76:13-36
85            android:launchMode="singleTask" >
85-->src\main\AndroidManifest.xml:77:13-44
86            <intent-filter>
86-->src\main\AndroidManifest.xml:78:13-81:29
87                <action android:name="android.intent.action.MAIN" />
87-->src\main\AndroidManifest.xml:79:17-69
87-->src\main\AndroidManifest.xml:79:25-66
88
89                <category android:name="android.intent.category.LAUNCHER" />
89-->src\main\AndroidManifest.xml:80:17-77
89-->src\main\AndroidManifest.xml:80:27-74
90            </intent-filter>
91        </activity>
92
93        <provider
93-->[androidx.emoji2:emoji2:1.2.0] AndroidManifest.xml:24:9-32:20
94            android:name="androidx.startup.InitializationProvider"
94-->[androidx.emoji2:emoji2:1.2.0] AndroidManifest.xml:25:13-67
95            android:authorities="com.myvpn.simple.androidx-startup"
95-->[androidx.emoji2:emoji2:1.2.0] AndroidManifest.xml:26:13-68
96            android:exported="false" >
96-->[androidx.emoji2:emoji2:1.2.0] AndroidManifest.xml:27:13-37
97            <meta-data
97-->[androidx.emoji2:emoji2:1.2.0] AndroidManifest.xml:29:13-31:52
98                android:name="androidx.emoji2.text.EmojiCompatInitializer"
98-->[androidx.emoji2:emoji2:1.2.0] AndroidManifest.xml:30:17-75
99                android:value="androidx.startup" />
99-->[androidx.emoji2:emoji2:1.2.0] AndroidManifest.xml:31:17-49
100            <meta-data
100-->[androidx.lifecycle:lifecycle-process:2.4.1] AndroidManifest.xml:31:13-33:52
101                android:name="androidx.lifecycle.ProcessLifecycleInitializer"
101-->[androidx.lifecycle:lifecycle-process:2.4.1] AndroidManifest.xml:32:17-78
102                android:value="androidx.startup" />
102-->[androidx.lifecycle:lifecycle-process:2.4.1] AndroidManifest.xml:33:17-49
103        </provider>
104
105        <service
105-->[androidx.room:room-runtime:2.4.3] AndroidManifest.xml:25:9-28:40
106            android:name="androidx.room.MultiInstanceInvalidationService"
106-->[androidx.room:room-runtime:2.4.3] AndroidManifest.xml:26:13-74
107            android:directBootAware="true"
107-->[androidx.room:room-runtime:2.4.3] AndroidManifest.xml:27:13-43
108            android:exported="false" />
108-->[androidx.room:room-runtime:2.4.3] AndroidManifest.xml:28:13-37
109    </application>
110
111</manifest>